<?xml version="1.0" encoding="UTF-8"?>
<testng-results ignored="0" total="1" passed="1" failed="0" skipped="0">
  <reporter-output>
  </reporter-output>
  <suite started-at="2022-05-20T14:16:33 IST" name="Default suite" finished-at="2022-05-20T14:47:11 IST" duration-ms="1837672">
    <groups>
    </groups>
    <test started-at="2022-05-20T14:16:33 IST" name="Default test" finished-at="2022-05-20T14:47:11 IST" duration-ms="1837672">
      <class name="testcases.CompanyAdmin">
        <test-method is-config="true" signature="reportSetup()[pri:0, instance:testcases.CompanyAdmin@23c30a20]" started-at="2022-05-20T14:16:33 IST" name="reportSetup" finished-at="2022-05-20T14:16:33 IST" duration-ms="339" status="PASS">
          <reporter-output>
          </reporter-output>
        </test-method> <!-- reportSetup -->
        <test-method signature="testone()[pri:0, instance:testcases.CompanyAdmin@23c30a20]" started-at="2022-05-20T14:16:33 IST" name="testone" finished-at="2022-05-20T14:47:11 IST" duration-ms="1837634" status="PASS">
          <reporter-output>
          </reporter-output>
        </test-method> <!-- testone -->
        <test-method is-config="true" signature="reportTeardown()[pri:0, instance:testcases.CompanyAdmin@23c30a20]" started-at="2022-05-20T14:47:11 IST" name="reportTeardown" finished-at="2022-05-20T14:47:12 IST" duration-ms="531" status="PASS">
          <reporter-output>
          </reporter-output>
        </test-method> <!-- reportTeardown -->
      </class> <!-- testcases.CompanyAdmin -->
    </test> <!-- Default test -->
  </suite> <!-- Default suite -->
</testng-results>
